Compiling the C compiler identification source file "CMakeCCompilerId.c" failed.
Compiler: /usr/bin/gcc-9 
Build flags: 
Id flags:  

The output was:
1
/bin/ld: cannot open output file a.out: 没有那个文件或目录
collect2: error: ld returned 1 exit status


Compilation of the C compiler identification source "CMakeCCompilerId.c" did not produce an executable in "/home/promix/repos/gamepro/build/CMakeFiles/3.16.3/CompilerIdC".

Compiling the C compiler identification source file "CMakeCCompilerId.c" failed.
Compiler: /usr/bin/gcc-9 
Build flags: 
Id flags: -c 

The output was:
1
Assembler messages:
致命错误： can't create CMakeCCompilerId.o: 没有那个文件或目录


Compiling the C compiler identification source file "CMakeCCompilerId.c" failed.
Compiler: /bin/cc 
Build flags: 
Id flags: -c 

The output was:
1
Assembler messages:
致命错误： can't create CMakeCCompilerId.o: 没有那个文件或目录


Compiling the C compiler identification source file "CMakeCCompilerId.c" failed.
Compiler: /usr/bin/gcc-9 
Build flags: 
Id flags: -Aa 

The output was:
1
<command-line>: error: missing '(' after predicate


Compiling the C compiler identification source file "CMakeCCompilerId.c" failed.
Compiler: /bin/cc 
Build flags: 
Id flags: -Aa 

The output was:
1
<command-line>: error: missing '(' after predicate


Compiling the C compiler identification source file "CMakeCCompilerId.c" failed.
Compiler: /usr/bin/gcc-9 
Build flags: 
Id flags: -D__CLASSIC_C__ 

The output was:
1
/bin/ld: cannot open output file a.out: 没有那个文件或目录
collect2: error: ld returned 1 exit status


Compiling the C compiler identification source file "CMakeCCompilerId.c" failed.
Compiler: /bin/cc 
Build flags: 
Id flags: -D__CLASSIC_C__ 

The output was:
1
/bin/ld: cannot open output file a.out: 没有那个文件或目录
collect2: error: ld returned 1 exit status


Compiling the C compiler identification source file "CMakeCCompilerId.c" failed.
Compiler: /usr/bin/gcc-9 
Build flags: 
Id flags: --target=arm-arm-none-eabi;-mcpu=cortex-m3 

The output was:
1
gcc-9: warning: ‘-mcpu=’ is deprecated; use ‘-mtune=’ or ‘-march=’ instead
gcc-9: error: CMakeCCompilerId.c: 没有那个文件或目录
gcc-9: error: unrecognized command line option ‘--target=arm-arm-none-eabi’
gcc-9: fatal error: no input files
compilation terminated.


Compiling the C compiler identification source file "CMakeCCompilerId.c" failed.
Compiler: /bin/cc 
Build flags: 
Id flags: --target=arm-arm-none-eabi;-mcpu=cortex-m3 

The output was:
1
cc: warning: ‘-mcpu=’ is deprecated; use ‘-mtune=’ or ‘-march=’ instead
cc: error: unrecognized command line option ‘--target=arm-arm-none-eabi’


