c:\users\94083\source\repos\gamepro\games.dir\debug\vc142.pdb
c:\users\94083\source\repos\gamepro\games.dir\debug\models.obj
c:\users\94083\source\repos\gamepro\games.dir\debug\mesh.obj
c:\users\94083\source\repos\gamepro\games.dir\debug\main.obj
c:\users\94083\source\repos\gamepro\games.dir\debug\magic_cube.obj
c:\users\94083\source\repos\gamepro\games.dir\debug\glvar.obj
c:\users\94083\source\repos\gamepro\games.dir\debug\geom.obj
c:\users\94083\source\repos\gamepro\games.dir\debug\shader.obj
c:\users\94083\source\repos\gamepro\games.dir\debug\glad.obj
c:\users\94083\source\repos\gamepro\games.dir\debug\glpre.obj
c:\users\94083\source\repos\gamepro\cmakefiles\generate.stamp
c:\users\94083\source\repos\gamepro\build\debug\games.exe
c:\users\94083\source\repos\gamepro\build\debug\games.ilk
c:\users\94083\source\repos\gamepro\build\debug\games.pdb
c:\users\94083\source\repos\gamepro\games.dir\debug\games.tlog\cl.command.1.tlog
c:\users\94083\source\repos\gamepro\games.dir\debug\games.tlog\cl.read.1.tlog
c:\users\94083\source\repos\gamepro\games.dir\debug\games.tlog\cl.write.1.tlog
c:\users\94083\source\repos\gamepro\games.dir\debug\games.tlog\custombuild.command.1.tlog
c:\users\94083\source\repos\gamepro\games.dir\debug\games.tlog\custombuild.read.1.tlog
c:\users\94083\source\repos\gamepro\games.dir\debug\games.tlog\custombuild.write.1.tlog
c:\users\94083\source\repos\gamepro\games.dir\debug\games.tlog\link.command.1.tlog
c:\users\94083\source\repos\gamepro\games.dir\debug\games.tlog\link.read.1.tlog
c:\users\94083\source\repos\gamepro\games.dir\debug\games.tlog\link.write.1.tlog
